<?xml version="1.0" encoding="UTF-8"?>
<testsuite name="com.pororoz.istock.IstockApplicationTests" tests="1" skipped="0" failures="0" errors="0" timestamp="2023-01-04T19:49:36" hostname="baghyeonjun-ui-MacBookPro.local" time="0.015">
  <properties/>
  <testcase name="contextLoads()" classname="com.pororoz.istock.IstockApplicationTests" time="0.015"/>
  <system-out><![CDATA[]]></system-out>
  <system-err><![CDATA[]]></system-err>
</testsuite>
